0 info it worked if it ends with ok
1 verbose cli [ '/usr/local/bin/node', '/usr/local/bin/npm', 'link', 'node' ]
2 info using npm@1.4.28
3 info using node@v0.10.35
4 verbose install where,what [ '/usr/local/lib', [ 'node' ] ]
5 verbose cache add [ 'node', null ]
6 verbose cache add name=undefined spec="node" args=["node",null]
7 verbose parsed url { protocol: null,
7 verbose parsed url   slashes: null,
7 verbose parsed url   auth: null,
7 verbose parsed url   host: null,
7 verbose parsed url   port: null,
7 verbose parsed url   hostname: null,
7 verbose parsed url   hash: null,
7 verbose parsed url   search: null,
7 verbose parsed url   query: null,
7 verbose parsed url   pathname: 'node',
7 verbose parsed url   path: 'node',
7 verbose parsed url   href: 'node' }
8 silly lockFile f8e966d1-node node
9 verbose lock node /home/jeferson/.npm/f8e966d1-node.lock
10 silly lockFile f8e966d1-node node
11 silly lockFile f8e966d1-node node
12 verbose addNamed [ 'node', '' ]
13 verbose addNamed [ null, '*' ]
14 silly lockFile bccd7aa1-node node@
15 verbose lock node@ /home/jeferson/.npm/bccd7aa1-node.lock
16 silly addNameRange { name: 'node', range: '*', hasData: false }
17 verbose request where is /node
18 verbose request registry https://registry.npmjs.org/
19 verbose request id 2be0c0ce90d25b21
20 verbose url raw /node
21 verbose url resolving [ 'https://registry.npmjs.org/', './node' ]
22 verbose url resolved https://registry.npmjs.org/node
23 verbose request where is https://registry.npmjs.org/node
24 info trying registry request attempt 1 at 12:46:11
25 http GET https://registry.npmjs.org/node
26 http 200 https://registry.npmjs.org/node
27 silly registry.get cb [ 200,
27 silly registry.get   { server: 'CouchDB/1.5.0 (Erlang OTP/R16B03)',
27 silly registry.get     etag: '"4A754Q2V2HQ65BJAR8DUU8BED"',
27 silly registry.get     'content-type': 'application/json',
27 silly registry.get     'cache-control': 'max-age=60',
27 silly registry.get     'content-length': '1018',
27 silly registry.get     'accept-ranges': 'bytes',
27 silly registry.get     date: 'Wed, 17 Jun 2015 15:46:12 GMT',
27 silly registry.get     via: '1.1 varnish',
27 silly registry.get     age: '0',
27 silly registry.get     connection: 'keep-alive',
27 silly registry.get     'x-served-by': 'cache-atl6235-ATL',
27 silly registry.get     'x-cache': 'MISS',
27 silly registry.get     'x-cache-hits': '0',
27 silly registry.get     'x-timer': 'S1434555972.376887,VS0,VE351',
27 silly registry.get     vary: 'Accept' } ]
28 silly addNameRange number 2 { name: 'node', range: '*', hasData: true }
29 silly addNameRange versions [ 'node', [ '0.0.0' ] ]
30 verbose addNamed [ 'node', '0.0.0' ]
31 verbose addNamed [ '0.0.0', '0.0.0' ]
32 silly lockFile c321b6ea-node-0-0-0 node@0.0.0
33 verbose lock node@0.0.0 /home/jeferson/.npm/c321b6ea-node-0-0-0.lock
34 warn deprecated node@0.0.0: To update or install node, go to http://nodejs.org/
35 silly lockFile 5a02160b-ry-npmjs-org-node-node-0-0-0-tgz https://registry.npmjs.org/node/-/node-0.0.0.tgz
36 verbose lock https://registry.npmjs.org/node/-/node-0.0.0.tgz /home/jeferson/.npm/5a02160b-ry-npmjs-org-node-node-0-0-0-tgz.lock
37 verbose addRemoteTarball [ 'https://registry.npmjs.org/node/-/node-0.0.0.tgz',
37 verbose addRemoteTarball   '288d62f90530c763eff8d4831ee7343ab3d60793' ]
38 info retry fetch attempt 1 at 12:46:12
39 verbose fetch to= /tmp/npm-26907-zOJgC5OG/registry.npmjs.org/node/-/node-0.0.0.tgz
40 http GET https://registry.npmjs.org/node/-/node-0.0.0.tgz
41 http 200 https://registry.npmjs.org/node/-/node-0.0.0.tgz
42 silly lockFile 5a02160b-ry-npmjs-org-node-node-0-0-0-tgz https://registry.npmjs.org/node/-/node-0.0.0.tgz
43 silly lockFile 5a02160b-ry-npmjs-org-node-node-0-0-0-tgz https://registry.npmjs.org/node/-/node-0.0.0.tgz
44 silly lockFile c321b6ea-node-0-0-0 node@0.0.0
45 silly lockFile c321b6ea-node-0-0-0 node@0.0.0
46 silly lockFile bccd7aa1-node node@
47 silly lockFile bccd7aa1-node node@
48 silly resolved [ { name: 'node',
48 silly resolved     version: '0.0.0',
48 silly resolved     _npmUser: { name: 'isaacs', email: 'i@izs.me' },
48 silly resolved     _id: 'node@0.0.0',
48 silly resolved     dependencies: {},
48 silly resolved     devDependencies: {},
48 silly resolved     optionalDependencies: {},
48 silly resolved     engines: { node: '*' },
48 silly resolved     _engineSupported: true,
48 silly resolved     _npmVersion: '1.1.21',
48 silly resolved     _nodeVersion: 'v0.7.9-pre',
48 silly resolved     _defaultsLoaded: true,
48 silly resolved     dist:
48 silly resolved      { shasum: '288d62f90530c763eff8d4831ee7343ab3d60793',
48 silly resolved        tarball: 'http://registry.npmjs.org/node/-/node-0.0.0.tgz' },
48 silly resolved     readme: '',
48 silly resolved     maintainers: [ [Object] ],
48 silly resolved     directories: {},
48 silly resolved     deprecated: 'To update or install node, go to http://nodejs.org/',
48 silly resolved     homepage: 'http://nodejs.org/api',
48 silly resolved     _shasum: '288d62f90530c763eff8d4831ee7343ab3d60793',
48 silly resolved     _from: 'node@',
48 silly resolved     _resolved: 'https://registry.npmjs.org/node/-/node-0.0.0.tgz' } ]
49 info install node@0.0.0 into /usr/local/lib
50 info installOne node@0.0.0
51 verbose ode unbuild
52 verbose tar unpack /home/jeferson/.npm/node/0.0.0/package.tgz
53 silly lockFile 8630672c--usr-local-lib-node-modules-node tar:///usr/local/lib/node_modules/node
54 verbose lock tar:///usr/local/lib/node_modules/node /home/jeferson/.npm/8630672c--usr-local-lib-node-modules-node.lock
55 silly lockFile abfd0d5f-erson-npm-node-0-0-0-package-tgz tar:///home/jeferson/.npm/node/0.0.0/package.tgz
56 verbose lock tar:///home/jeferson/.npm/node/0.0.0/package.tgz /home/jeferson/.npm/abfd0d5f-erson-npm-node-0-0-0-package-tgz.lock
57 silly gunzTarPerm modes [ '775', '664' ]
58 error Error: EACCES, mkdir '/usr/local/lib/node_modules/node'
58 error  { [Error: EACCES, mkdir '/usr/local/lib/node_modules/node']
58 error   errno: 3,
58 error   code: 'EACCES',
58 error   path: '/usr/local/lib/node_modules/node',
58 error   fstream_type: 'Directory',
58 error   fstream_path: '/usr/local/lib/node_modules/node',
58 error   fstream_class: 'DirWriter',
58 error   fstream_stack:
58 error    [ '/usr/local/lib/node_modules/npm/node_modules/fstream/lib/dir-writer.js:36:23',
58 error      '/usr/local/lib/node_modules/npm/node_modules/mkdirp/index.js:46:53',
58 error      'Object.oncomplete (fs.js:108:15)' ] }
59 error Please try running this command again as root/Administrator.
60 error System Linux 3.13.0-54-generic
61 error command "/usr/local/bin/node" "/usr/local/bin/npm" "link" "node"
62 error cwd /home/jeferson/Workspace/gsm
63 error node -v v0.10.35
64 error npm -v 1.4.28
65 error path /usr/local/lib/node_modules/node
66 error fstream_path /usr/local/lib/node_modules/node
67 error fstream_type Directory
68 error fstream_class DirWriter
69 error code EACCES
70 error errno 3
71 error stack Error: EACCES, mkdir '/usr/local/lib/node_modules/node'
72 error fstream_stack /usr/local/lib/node_modules/npm/node_modules/fstream/lib/dir-writer.js:36:23
72 error fstream_stack /usr/local/lib/node_modules/npm/node_modules/mkdirp/index.js:46:53
72 error fstream_stack Object.oncomplete (fs.js:108:15)
73 verbose exit [ 3, true ]
